

*******************************************************************************
Wed Jun 21 18:52:25 2023


FIT:    data read from "computation_times.data" using 1:2
        format = x:z
        x range restricted to [0.00000 : 50.0000]
        #datapoints = 50
        residuals are weighted equally (unit weight)

function used for fitting: f(x)
fitted parameters initialized with current variable values



*******************************************************************************
Wed Jun 21 18:52:49 2023


FIT:    data read from "computation_times.data" using 1:2
        format = x:z
        x range restricted to [0.00000 : 50.0000]
        #datapoints = 50
        residuals are weighted equally (unit weight)

function used for fitting: f(x)
	f(x) = a*x**2 + b*x + c
fitted parameters initialized with current variable values

iter      chisq       delta/lim  lambda   a             b             c            
   0 5.7320946000e+07   0.00e+00  6.62e+02    1.000000e+00   1.000000e+00   1.000000e+00
   6 6.4938142809e+04  -4.48e-05  6.62e-04    2.346939e-01  -6.805018e+00   3.972327e+01

After 6 iterations the fit converged.
final sum of squares of residuals : 64938.1
rel. change during last iteration : -4.48023e-10

degrees of freedom    (FIT_NDF)                        : 47
rms of residuals      (FIT_STDFIT) = sqrt(WSSR/ndf)    : 37.1707
variance of residuals (reduced chisquare) = WSSR/ndf   : 1381.66

Final set of parameters            Asymptotic Standard Error
=======================            ==========================
a               = 0.234694         +/- 0.02824      (12.03%)
b               = -6.80502         +/- 1.486        (21.83%)
c               = 39.7233          +/- 16.42        (41.34%)

correlation matrix of the fit parameters:
                a      b      c      
a               1.000 
b              -0.969  1.000 
c               0.760 -0.876  1.000 


*******************************************************************************
Wed Jun 21 18:54:21 2023


FIT:    data read from "computation_times.data" using 1:2
        format = x:z
        x range restricted to [0.00000 : 50.0000]
        #datapoints = 50
        residuals are weighted equally (unit weight)

function used for fitting: f(x)
	f(x) = a*x**2 + b*x + c
fitted parameters initialized with current variable values

iter      chisq       delta/lim  lambda   a             b             c            
   0 5.6667979000e+07   0.00e+00  6.62e+02    1.000000e+00   1.000000e+00   1.000000e+00
   6 2.8204110813e+05  -1.01e-05  6.62e-04    2.045988e-01  -5.304405e+00   3.943429e+01

After 6 iterations the fit converged.
final sum of squares of residuals : 282041
rel. change during last iteration : -1.01026e-10

degrees of freedom    (FIT_NDF)                        : 47
rms of residuals      (FIT_STDFIT) = sqrt(WSSR/ndf)    : 77.4653
variance of residuals (reduced chisquare) = WSSR/ndf   : 6000.87

Final set of parameters            Asymptotic Standard Error
=======================            ==========================
a               = 0.204599         +/- 0.05885      (28.76%)
b               = -5.3044          +/- 3.096        (58.36%)
c               = 39.4343          +/- 34.23        (86.79%)

correlation matrix of the fit parameters:
                a      b      c      
a               1.000 
b              -0.969  1.000 
c               0.760 -0.876  1.000 


*******************************************************************************
Wed Jun 21 18:57:07 2023


FIT:    data read from "computation_times.data" using 1:2
        format = x:z
        x range restricted to [0.00000 : 50.0000]
        #datapoints = 50
        residuals are weighted equally (unit weight)

function used for fitting: f(x)
	f(x) = a + b*x**2
fitted parameters initialized with current variable values

iter      chisq       delta/lim  lambda   a             b             c            
   0 5.2770470000e+07   0.00e+00  6.62e+02    1.000000e+00   1.000000e+00   1.000000e+00
BREAK: Singular matrix in Invert_RtR

*******************************************************************************
Wed Jun 21 18:58:37 2023


FIT:    data read from "computation_times.data" using 1:2
        format = x:z
        x range restricted to [0.00000 : 50.0000]
        #datapoints = 50
        residuals are weighted equally (unit weight)

function used for fitting: f(x)
	f(x) = a + b*x**2
fitted parameters initialized with current variable values

iter      chisq       delta/lim  lambda   a             b             c            
   0 5.2119476000e+07   0.00e+00  6.62e+02    1.000000e+00   1.000000e+00   1.000000e+00
BREAK: Singular matrix in Invert_RtR

*******************************************************************************
Wed Jun 21 18:58:53 2023


FIT:    data read from "computation_times.data" using 1:2
        format = x:z
        x range restricted to [0.00000 : 50.0000]
        #datapoints = 30
        residuals are weighted equally (unit weight)

function used for fitting: f(x)
	f(x) = a + b*x**2
fitted parameters initialized with current variable values

iter      chisq       delta/lim  lambda   a             b             c            
   0 4.8828600000e+06   0.00e+00  2.42e+02    1.000000e+00   1.000000e+00   1.000000e+00
BREAK: Singular matrix in Invert_RtR

*******************************************************************************
Wed Jun 21 18:59:26 2023


FIT:    data read from "computation_times.data" using 1:2
        format = x:z
        x range restricted to [0.00000 : 50.0000]
        #datapoints = 40
        residuals are weighted equally (unit weight)

function used for fitting: f(x)
	f(x) = a + b*x**2
fitted parameters initialized with current variable values

iter      chisq       delta/lim  lambda   a             b             c            
   0 1.9046249000e+07   0.00e+00  4.26e+02    1.000000e+00   1.000000e+00   1.000000e+00
BREAK: Singular matrix in Invert_RtR

*******************************************************************************
Wed Jun 21 18:59:43 2023


FIT:    data read from "computation_times.data" using 1:2
        format = x:z
        x range restricted to [0.00000 : 50.0000]
        #datapoints = 40
        residuals are weighted equally (unit weight)

function used for fitting: f(x)
	f(x) = a + b*x**2
fitted parameters initialized with current variable values

iter      chisq       delta/lim  lambda   a             b            
   0 1.9046249000e+07   0.00e+00  5.22e+02    1.000000e+00   1.000000e+00
   6 1.4188724081e+04  -3.17e-08  5.22e-04   -1.012080e+01   7.659584e-02

After 6 iterations the fit converged.
final sum of squares of residuals : 14188.7
rel. change during last iteration : -3.17294e-13

degrees of freedom    (FIT_NDF)                        : 38
rms of residuals      (FIT_STDFIT) = sqrt(WSSR/ndf)    : 19.3232
variance of residuals (reduced chisquare) = WSSR/ndf   : 373.387

Final set of parameters            Asymptotic Standard Error
=======================            ==========================
a               = -10.1208         +/- 4.62         (45.65%)
b               = 0.0765958        +/- 0.00626      (8.173%)

correlation matrix of the fit parameters:
                a      b      
a               1.000 
b              -0.750  1.000 


*******************************************************************************
Wed Jun 21 19:00:21 2023


FIT:    data read from "computation_times.data" using 1:2
        format = x:z
        x range restricted to [0.00000 : 50.0000]
        #datapoints = 40
        residuals are weighted equally (unit weight)

function used for fitting: f(x)
	f(x) = a + b*x**2
fitted parameters initialized with current variable values

Warning: Initial value of parameter 'a' is zero.
iter      chisq       delta/lim  lambda   a             b            
   0 1.9004511000e+07   0.00e+00  5.22e+02    1.000000e-30   1.000000e+00
BREAK: Singular matrix in Invert_RtR

*******************************************************************************
Wed Jun 21 19:00:43 2023


FIT:    data read from "computation_times.data" using 1:2
        format = x:z
        x range restricted to [0.00000 : 50.0000]
        #datapoints = 40
        residuals are weighted equally (unit weight)

function used for fitting: f(x)
	f(x) = a + b*x**2
fitted parameters initialized with current variable values

iter      chisq       delta/lim  lambda   a             b            
   0 1.9004552698e+07   0.00e+00  5.22e+02    1.000000e-03   1.000000e+00
   3 1.5981142553e+04  -1.47e-02  5.22e-01    9.934293e-04   6.630738e-02

After 3 iterations the fit converged.
final sum of squares of residuals : 15981.1
rel. change during last iteration : -1.46971e-07

degrees of freedom    (FIT_NDF)                        : 38
rms of residuals      (FIT_STDFIT) = sqrt(WSSR/ndf)    : 20.5075
variance of residuals (reduced chisquare) = WSSR/ndf   : 420.556

Final set of parameters            Asymptotic Standard Error
=======================            ==========================
a               = 0.000993429      +/- 4.903        (4.935e+05%)
b               = 0.0663074        +/- 0.006644     (10.02%)

correlation matrix of the fit parameters:
                a      b      
a               1.000 
b              -0.750  1.000 


*******************************************************************************
Wed Jun 21 19:01:47 2023


FIT:    data read from "computation_times.data" using 1:2
        format = x:z
        x range restricted to [0.00000 : 50.0000]
        #datapoints = 40
        residuals are weighted equally (unit weight)

function used for fitting: f(x)
	f(x) = a + b*x**2
fitted parameters initialized with current variable values

iter      chisq       delta/lim  lambda   a             b            
   0 1.9321842368e+07   0.00e+00  5.22e+02    1.000000e-03   1.000000e+00
   3 4.3337229765e+05  -3.19e-03  5.22e-01    1.016076e-03   6.877167e-02

After 3 iterations the fit converged.
final sum of squares of residuals : 433372
rel. change during last iteration : -3.19356e-08

degrees of freedom    (FIT_NDF)                        : 38
rms of residuals      (FIT_STDFIT) = sqrt(WSSR/ndf)    : 106.792
variance of residuals (reduced chisquare) = WSSR/ndf   : 11404.5

Final set of parameters            Asymptotic Standard Error
=======================            ==========================
a               = 0.00101608       +/- 25.53        (2.513e+06%)
b               = 0.0687717        +/- 0.0346       (50.31%)

correlation matrix of the fit parameters:
                a      b      
a               1.000 
b              -0.750  1.000 


*******************************************************************************
Wed Jun 21 19:02:51 2023


FIT:    data read from "computation_times.data" using 1:2
        format = x:z
        x range restricted to [0.00000 : 50.0000]
        #datapoints = 50
        residuals are weighted equally (unit weight)

function used for fitting: f(x)
	f(x) = a + b*x**2
fitted parameters initialized with current variable values

iter      chisq       delta/lim  lambda   a             b            
   0 5.4562693016e+07   0.00e+00  8.10e+02    1.000000e-03   1.000000e+00
   3 3.4625359033e+04  -1.37e-02  8.10e-01    9.939597e-04   8.874994e-02

After 3 iterations the fit converged.
final sum of squares of residuals : 34625.4
rel. change during last iteration : -1.3715e-07

degrees of freedom    (FIT_NDF)                        : 48
rms of residuals      (FIT_STDFIT) = sqrt(WSSR/ndf)    : 26.8582
variance of residuals (reduced chisquare) = WSSR/ndf   : 721.362

Final set of parameters            Asymptotic Standard Error
=======================            ==========================
a               = 0.00099396       +/- 5.734        (5.769e+05%)
b               = 0.0887499        +/- 0.005003     (5.638%)

correlation matrix of the fit parameters:
                a      b      
a               1.000 
b              -0.749  1.000 


*******************************************************************************
Wed Jun 21 19:04:59 2023


FIT:    data read from "computation_times.data" using 1:2
        format = x:z
        x range restricted to [0.00000 : 50.0000]
        #datapoints = 50
        residuals are weighted equally (unit weight)

function used for fitting: f(x)
	f(x) = a + b*x**2
fitted parameters initialized with current variable values

iter      chisq       delta/lim  lambda   a             b            
   0 5.2445259138e+07   0.00e+00  8.10e+02    1.000000e-03   1.000000e+00
   3 9.6861835766e+04  -1.74e-02  8.10e-01    9.885643e-04   1.071485e-01

After 3 iterations the fit converged.
final sum of squares of residuals : 96861.8
rel. change during last iteration : -1.74301e-07

degrees of freedom    (FIT_NDF)                        : 48
rms of residuals      (FIT_STDFIT) = sqrt(WSSR/ndf)    : 44.9217
variance of residuals (reduced chisquare) = WSSR/ndf   : 2017.95

Final set of parameters            Asymptotic Standard Error
=======================            ==========================
a               = 0.000988564      +/- 9.59         (9.701e+05%)
b               = 0.107149         +/- 0.008368     (7.81%)

correlation matrix of the fit parameters:
                a      b      
a               1.000 
b              -0.749  1.000 


*******************************************************************************
Wed Jun 21 19:06:13 2023


FIT:    data read from "computation_times.data" using 1:2
        format = x:z
        x range restricted to [0.00000 : 50.0000]
        #datapoints = 50
        residuals are weighted equally (unit weight)

function used for fitting: f(x)
	f(x) = a + b*x**2
fitted parameters initialized with current variable values

iter      chisq       delta/lim  lambda   a             b            
   0 5.3615411526e+07   0.00e+00  8.10e+02    1.000000e-03   1.000000e+00
   3 7.4407326898e+04  -1.04e-02  8.10e-01    9.922577e-04   9.703530e-02

After 3 iterations the fit converged.
final sum of squares of residuals : 74407.3
rel. change during last iteration : -1.04388e-07

degrees of freedom    (FIT_NDF)                        : 48
rms of residuals      (FIT_STDFIT) = sqrt(WSSR/ndf)    : 39.372
variance of residuals (reduced chisquare) = WSSR/ndf   : 1550.15

Final set of parameters            Asymptotic Standard Error
=======================            ==========================
a               = 0.000992258      +/- 8.405        (8.471e+05%)
b               = 0.0970353        +/- 0.007335     (7.559%)

correlation matrix of the fit parameters:
                a      b      
a               1.000 
b              -0.749  1.000 


*******************************************************************************
Wed Jun 21 19:07:02 2023


FIT:    data read from "computation_times.data" using 1:2
        format = x:z
        x range restricted to [0.00000 : 50.0000]
        #datapoints = 50
        residuals are weighted equally (unit weight)

function used for fitting: f(x)
	f(x) = a + b*x**2
fitted parameters initialized with current variable values

iter      chisq       delta/lim  lambda   a             b            
   0 5.2266483006e+07   0.00e+00  8.10e+02    1.000000e-03   1.000000e+00
   3 1.6433849373e+05  -1.10e-02  8.10e-01    9.881912e-04   1.092511e-01

After 3 iterations the fit converged.
final sum of squares of residuals : 164338
rel. change during last iteration : -1.09524e-07

degrees of freedom    (FIT_NDF)                        : 48
rms of residuals      (FIT_STDFIT) = sqrt(WSSR/ndf)    : 58.5126
variance of residuals (reduced chisquare) = WSSR/ndf   : 3423.72

Final set of parameters            Asymptotic Standard Error
=======================            ==========================
a               = 0.000988191      +/- 12.49        (1.264e+06%)
b               = 0.109251         +/- 0.0109       (9.977%)

correlation matrix of the fit parameters:
                a      b      
a               1.000 
b              -0.749  1.000 


*******************************************************************************
Wed Jun 21 19:33:01 2023


FIT:    data read from "computation_times.data" using 1:2
        format = x:z
        x range restricted to [0.00000 : 50.0000]
        #datapoints = 50
        residuals are weighted equally (unit weight)

function used for fitting: f(x)
	f(x) = a + b*x**2
fitted parameters initialized with current variable values

iter      chisq       delta/lim  lambda   a             b            
   0 5.3598052836e+07   0.00e+00  8.10e+02    1.000000e-03   1.000000e+00
   3 6.9465481837e+04  -1.93e-02  8.10e-01    9.898043e-04   9.714001e-02

After 3 iterations the fit converged.
final sum of squares of residuals : 69465.5
rel. change during last iteration : -1.93357e-07

degrees of freedom    (FIT_NDF)                        : 48
rms of residuals      (FIT_STDFIT) = sqrt(WSSR/ndf)    : 38.042
variance of residuals (reduced chisquare) = WSSR/ndf   : 1447.2

Final set of parameters            Asymptotic Standard Error
=======================            ==========================
a               = 0.000989804      +/- 8.122        (8.205e+05%)
b               = 0.09714          +/- 0.007087     (7.295%)

correlation matrix of the fit parameters:
                a      b      
a               1.000 
b              -0.749  1.000 


*******************************************************************************
Wed Jun 21 19:56:26 2023


FIT:    data read from "computation_times.data" using 1:2
        format = x:z
        x range restricted to [0.00000 : 100.000]
        #datapoints = 100
        residuals are weighted equally (unit weight)

function used for fitting: f(x)
	f(x) = a + b*x**2
fitted parameters initialized with current variable values

iter      chisq       delta/lim  lambda   a             b            
   0 8.0792392385e+08   0.00e+00  3.20e+03    1.000000e-03   1.000000e+00
   3 3.8597080081e+07  -2.06e-03  3.20e+00    9.801303e-04   3.874477e-01

After 3 iterations the fit converged.
final sum of squares of residuals : 3.85971e+07
rel. change during last iteration : -2.05564e-08

degrees of freedom    (FIT_NDF)                        : 98
rms of residuals      (FIT_STDFIT) = sqrt(WSSR/ndf)    : 627.573
variance of residuals (reduced chisquare) = WSSR/ndf   : 393848

Final set of parameters            Asymptotic Standard Error
=======================            ==========================
a               = 0.00098013       +/- 94.43        (9.635e+06%)
b               = 0.387448         +/- 0.02086      (5.383%)

correlation matrix of the fit parameters:
                a      b      
a               1.000 
b              -0.747  1.000 
